<?xml version="1.0" encoding="UTF-8"?>
<testng-results ignored="0" total="3" passed="2" failed="1" skipped="0">
  <reporter-output>
  </reporter-output>
  <suite started-at="2025-03-26T10:39:18 IST" name="PlaywrightTestSuite" finished-at="2025-03-26T10:39:43 IST" duration-ms="24166">
    <groups>
    </groups>
    <test started-at="2025-03-26T10:39:18 IST" name="Login Tests" finished-at="2025-03-26T10:39:43 IST" duration-ms="24166">
      <class name="tests.DashBoardTest">
        <test-method is-config="true" signature="setupReport()[pri:0, instance:tests.DashBoardTest@644baf4a]" started-at="2025-03-26T10:39:18 IST" name="setupReport" finished-at="2025-03-26T10:39:18 IST" duration-ms="290" status="PASS">
          <reporter-output>
          </reporter-output>
        </test-method> <!-- setupReport -->
        <test-method is-config="true" signature="setup()[pri:0, instance:tests.DashBoardTest@644baf4a]" started-at="2025-03-26T10:39:36 IST" name="setup" finished-at="2025-03-26T10:39:38 IST" duration-ms="1107" status="PASS">
          <reporter-output>
          </reporter-output>
        </test-method> <!-- setup -->
        <test-method signature="testDashboardPageTitle()[pri:0, instance:tests.DashBoardTest@644baf4a]" started-at="2025-03-26T10:39:38 IST" name="testDashboardPageTitle" finished-at="2025-03-26T10:39:42 IST" duration-ms="4743" status="FAIL">
          <exception class="java.lang.AssertionError">
            <message>
              <![CDATA[Not able to verify page header expected [true] but found [false]]]>
            </message>
            <full-stacktrace>
              <![CDATA[java.lang.AssertionError: Not able to verify page header expected [true] but found [false]
at org.testng.Assert.fail(Assert.java:110)
at org.testng.Assert.failNotEquals(Assert.java:1577)
at org.testng.Assert.assertTrue(Assert.java:56)
at tests.DashBoardTest.testDashboardPageTitle(DashBoardTest.java:71)
at java.base/jdk.internal.reflect.DirectMethodHandleAccessor.invoke(DirectMethodHandleAccessor.java:103)
at java.base/java.lang.reflect.Method.invoke(Method.java:580)
at org.testng.internal.invokers.MethodInvocationHelper.invokeMethod(MethodInvocationHelper.java:139)
at org.testng.internal.invokers.TestInvoker.invokeMethod(TestInvoker.java:677)
at org.testng.internal.invokers.TestInvoker.invokeTestMethod(TestInvoker.java:221)
at org.testng.internal.invokers.MethodRunner.runInSequence(MethodRunner.java:50)
at org.testng.internal.invokers.TestInvoker$MethodInvocationAgent.invoke(TestInvoker.java:969)
at org.testng.internal.invokers.TestInvoker.invokeTestMethods(TestInvoker.java:194)
at org.testng.internal.invokers.TestMethodWorker.invokeTestMethods(TestMethodWorker.java:148)
at org.testng.internal.invokers.TestMethodWorker.run(TestMethodWorker.java:128)
at java.base/java.util.ArrayList.forEach(ArrayList.java:1597)
at org.testng.TestRunner.privateRun(TestRunner.java:829)
at org.testng.TestRunner.run(TestRunner.java:602)
at org.testng.SuiteRunner.runTest(SuiteRunner.java:437)
at org.testng.SuiteRunner.runSequentially(SuiteRunner.java:431)
at org.testng.SuiteRunner.privateRun(SuiteRunner.java:391)
at org.testng.SuiteRunner.run(SuiteRunner.java:330)
at org.testng.SuiteRunnerWorker.runSuite(SuiteRunnerWorker.java:52)
at org.testng.SuiteRunnerWorker.run(SuiteRunnerWorker.java:95)
at org.testng.TestNG.runSuitesSequentially(TestNG.java:1256)
at org.testng.TestNG.runSuitesLocally(TestNG.java:1176)
at org.testng.TestNG.runSuites(TestNG.java:1099)
at org.testng.TestNG.run(TestNG.java:1067)
at org.testng.remote.AbstractRemoteTestNG.run(AbstractRemoteTestNG.java:115)
at org.testng.remote.RemoteTestNG.initAndRun(RemoteTestNG.java:293)
at org.testng.remote.RemoteTestNG.main(RemoteTestNG.java:91)
]]>
            </full-stacktrace>
          </exception> <!-- java.lang.AssertionError -->
          <reporter-output>
          </reporter-output>
        </test-method> <!-- testDashboardPageTitle -->
        <test-method is-config="true" signature="tearDown()[pri:0, instance:tests.DashBoardTest@644baf4a]" started-at="2025-03-26T10:39:42 IST" name="tearDown" finished-at="2025-03-26T10:39:43 IST" duration-ms="297" status="PASS">
          <reporter-output>
          </reporter-output>
        </test-method> <!-- tearDown -->
        <test-method is-config="true" signature="flushReport()[pri:0, instance:tests.DashBoardTest@644baf4a]" started-at="2025-03-26T10:39:43 IST" name="flushReport" finished-at="2025-03-26T10:39:43 IST" duration-ms="259" status="PASS">
          <reporter-output>
          </reporter-output>
        </test-method> <!-- flushReport -->
      </class> <!-- tests.DashBoardTest -->
      <class name="tests.LoginTest">
        <test-method is-config="true" signature="setupReport()[pri:0, instance:tests.LoginTest@2e385cce]" started-at="2025-03-26T10:39:18 IST" name="setupReport" finished-at="2025-03-26T10:39:18 IST" duration-ms="1" status="PASS">
          <reporter-output>
          </reporter-output>
        </test-method> <!-- setupReport -->
        <test-method is-config="true" signature="setup()[pri:0, instance:tests.LoginTest@2e385cce]" started-at="2025-03-26T10:39:18 IST" name="setup" finished-at="2025-03-26T10:39:26 IST" duration-ms="8090" status="PASS">
          <reporter-output>
          </reporter-output>
        </test-method> <!-- setup -->
        <test-method signature="testInvalidLogin()[pri:0, instance:tests.LoginTest@2e385cce]" started-at="2025-03-26T10:39:27 IST" name="testInvalidLogin" finished-at="2025-03-26T10:39:32 IST" duration-ms="5052" status="PASS">
          <reporter-output>
          </reporter-output>
        </test-method> <!-- testInvalidLogin -->
        <test-method signature="testValidLogin()[pri:0, instance:tests.LoginTest@2e385cce]" started-at="2025-03-26T10:39:32 IST" name="testValidLogin" finished-at="2025-03-26T10:39:36 IST" duration-ms="4465" status="PASS">
          <reporter-output>
          </reporter-output>
        </test-method> <!-- testValidLogin -->
        <test-method is-config="true" signature="tearDown()[pri:0, instance:tests.LoginTest@2e385cce]" started-at="2025-03-26T10:39:36 IST" name="tearDown" finished-at="2025-03-26T10:39:36 IST" duration-ms="330" status="PASS">
          <reporter-output>
          </reporter-output>
        </test-method> <!-- tearDown -->
        <test-method is-config="true" signature="flushReport()[pri:0, instance:tests.LoginTest@2e385cce]" started-at="2025-03-26T10:39:43 IST" name="flushReport" finished-at="2025-03-26T10:39:43 IST" duration-ms="16" status="PASS">
          <reporter-output>
          </reporter-output>
        </test-method> <!-- flushReport -->
      </class> <!-- tests.LoginTest -->
    </test> <!-- Login Tests -->
  </suite> <!-- PlaywrightTestSuite -->
</testng-results>
